<?xml version="1.0" encoding="UTF-8"?>
<!-- Generated by org.testng.reporters.JUnitReportReporter -->
<testsuite hostname="LAPTOP-71KTPKTD" name="com.chiselon.CrossBrowser.CBTest" tests="1" failures="0" timestamp="4 Jul 2018 07:04:53 GMT" time="2.905" errors="0">
  <testcase name="testParameterWithXML" time="2.905" classname="com.chiselon.CrossBrowser.CBTest"/>
</testsuite> <!-- com.chiselon.CrossBrowser.CBTest -->
